# JRE version: OpenJDK Runtime Environment (17.0.7) (build 17.0.7+0-b2043.56-10550314)
# Java VM: OpenJDK 64-Bit Server VM (17.0.7+0-b2043.56-10550314, mixed mode, tiered, compressed oops, compressed class ptrs, g1 gc, windows-amd64)
GC Precious Log:
 CPUs: 4 total, 4 available
 Memory: 6086M
 Large Page Support: Disabled
 NUMA Support: Disabled
 Compressed Oops: Enabled (32-bit)
 Heap Region Size: 1M
 Heap Min Capacity: 8M
 Heap Initial Capacity: 96M
 Heap Max Capacity: 2G
 Pre-touch: Disabled
 Parallel Workers: 4
 Concurrent Workers: 1
 Concurrent Refinement Workers: 4
 Periodic GC: Disabled
Heap:
 garbage-first heap   total 388096K, used 253440K [0x0000000080000000, 0x0000000100000000)
  region size 1024K, 6 young (6144K), 6 survivors (6144K)
 Metaspace       used 123620K, committed 124352K, reserved 1179648K
  class space    used 16575K, committed 16896K, reserved 1048576K
GC Heap History (20 events):
Event: 31.864 GC heap after
{Heap after GC invocations=35 (full 0):
 garbage-first heap   total 220160K, used 127920K [0x0000000080000000, 0x0000000100000000)
  region size 1024K, 1 young (1024K), 1 survivors (1024K)
 Metaspace       used 95674K, committed 96384K, reserved 1179648K
  class space    used 12772K, committed 13120K, reserved 1048576K
}
Event: 33.169 GC heap before
{Heap before GC invocations=35 (full 0):
 garbage-first heap   total 220160K, used 176048K [0x0000000080000000, 0x0000000100000000)
  region size 1024K, 49 young (50176K), 1 survivors (1024K)
 Metaspace       used 97880K, committed 98560K, reserved 1179648K
  class space    used 13050K, committed 13376K, reserved 1048576K
}
Event: 33.176 GC heap after
{Heap after GC invocations=36 (full 0):
 garbage-first heap   total 220160K, used 129231K [0x0000000080000000, 0x0000000100000000)
  region size 1024K, 3 young (3072K), 3 survivors (3072K)
 Metaspace       used 97880K, committed 98560K, reserved 1179648K
  class space    used 13050K, committed 13376K, reserved 1048576K
}
Event: 36.017 GC heap before
{Heap before GC invocations=36 (full 0):
 garbage-first heap   total 220160K, used 178383K [0x0000000080000000, 0x0000000100000000)
  region size 1024K, 52 young (53248K), 3 survivors (3072K)
 Metaspace       used 101537K, committed 102208K, reserved 1179648K
  class space    used 13512K, committed 13824K, reserved 1048576K
}
Event: 36.030 GC heap after
{Heap after GC invocations=37 (full 0):
 garbage-first heap   total 220160K, used 133401K [0x0000000080000000, 0x0000000100000000)
  region size 1024K, 7 young (7168K), 7 survivors (7168K)
 Metaspace       used 101537K, committed 102208K, reserved 1179648K
  class space    used 13512K, committed 13824K, reserved 1048576K
}
Event: 36.676 GC heap before
{Heap before GC invocations=37 (full 0):
 garbage-first heap   total 220160K, used 180505K [0x0000000080000000, 0x0000000100000000)
  region size 1024K, 54 young (55296K), 7 survivors (7168K)
 Metaspace       used 102973K, committed 103680K, reserved 1179648K
  class space    used 13694K, committed 14016K, reserved 1048576K
}
Event: 36.692 GC heap after
{Heap after GC invocations=38 (full 0):
 garbage-first heap   total 220160K, used 137918K [0x0000000080000000, 0x0000000100000000)
  region size 1024K, 5 young (5120K), 5 survivors (5120K)
 Metaspace       used 102973K, committed 103680K, reserved 1179648K
  class space    used 13694K, committed 14016K, reserved 1048576K
}
Event: 37.123 GC heap before
{Heap before GC invocations=38 (full 0):
 garbage-first heap   total 220160K, used 181950K [0x0000000080000000, 0x0000000100000000)
  region size 1024K, 49 young (50176K), 5 survivors (5120K)
 Metaspace       used 103330K, committed 104064K, reserved 1179648K
  class space    used 13733K, committed 14080K, reserved 1048576K
}
Event: 37.138 GC heap after
{Heap after GC invocations=39 (full 0):
 garbage-first heap   total 388096K, used 142693K [0x0000000080000000, 0x0000000100000000)
  region size 1024K, 6 young (6144K), 6 survivors (6144K)
 Metaspace       used 103330K, committed 104064K, reserved 1179648K
  class space    used 13733K, committed 14080K, reserved 1048576K
}
Event: 41.602 GC heap before
{Heap before GC invocations=39 (full 0):
 garbage-first heap   total 388096K, used 298341K [0x0000000080000000, 0x0000000100000000)
  region size 1024K, 157 young (160768K), 6 survivors (6144K)
 Metaspace       used 114180K, committed 114944K, reserved 1179648K
  class space    used 15262K, committed 15616K, reserved 1048576K
}
Event: 41.639 GC heap after
{Heap after GC invocations=40 (full 0):
 garbage-first heap   total 388096K, used 145619K [0x0000000080000000, 0x0000000100000000)
  region size 1024K, 9 young (9216K), 9 survivors (9216K)
 Metaspace       used 114180K, committed 114944K, reserved 1179648K
  class space    used 15262K, committed 15616K, reserved 1048576K
}
Event: 46.870 GC heap before
{Heap before GC invocations=40 (full 0):
 garbage-first heap   total 388096K, used 346323K [0x0000000080000000, 0x0000000100000000)
  region size 1024K, 165 young (168960K), 9 survivors (9216K)
 Metaspace       used 120398K, committed 121216K, reserved 1179648K
  class space    used 16080K, committed 16448K, reserved 1048576K
}
Event: 46.903 GC heap after
{Heap after GC invocations=41 (full 0):
 garbage-first heap   total 388096K, used 186507K [0x0000000080000000, 0x0000000100000000)
  region size 1024K, 19 young (19456K), 19 survivors (19456K)
 Metaspace       used 120398K, committed 121216K, reserved 1179648K
  class space    used 16080K, committed 16448K, reserved 1048576K
}
Event: 47.764 GC heap before
{Heap before GC invocations=41 (full 0):
 garbage-first heap   total 388096K, used 315531K [0x0000000080000000, 0x0000000100000000)
  region size 1024K, 144 young (147456K), 19 survivors (19456K)
 Metaspace       used 120516K, committed 121280K, reserved 1179648K
  class space    used 16086K, committed 16448K, reserved 1048576K
}
Event: 47.895 GC heap after
{Heap after GC invocations=42 (full 0):
 garbage-first heap   total 388096K, used 200105K [0x0000000080000000, 0x0000000100000000)
  region size 1024K, 18 young (18432K), 18 survivors (18432K)
 Metaspace       used 120516K, committed 121280K, reserved 1179648K
  class space    used 16086K, committed 16448K, reserved 1048576K
}
Event: 48.537 GC heap before
{Heap before GC invocations=42 (full 0):
 garbage-first heap   total 388096K, used 312745K [0x0000000080000000, 0x0000000100000000)
  region size 1024K, 129 young (132096K), 18 survivors (18432K)
 Metaspace       used 121506K, committed 122304K, reserved 1179648K
  class space    used 16268K, committed 16640K, reserved 1048576K
}
Event: 48.654 GC heap after
{Heap after GC invocations=43 (full 0):
 garbage-first heap   total 388096K, used 238592K [0x0000000080000000, 0x0000000100000000)
  region size 1024K, 17 young (17408K), 17 survivors (17408K)
 Metaspace       used 121506K, committed 122304K, reserved 1179648K
  class space    used 16268K, committed 16640K, reserved 1048576K
}
Event: 49.039 GC heap before
{Heap before GC invocations=43 (full 0):
 garbage-first heap   total 388096K, used 307200K [0x0000000080000000, 0x0000000100000000)
  region size 1024K, 85 young (87040K), 17 survivors (17408K)
 Metaspace       used 121714K, committed 122496K, reserved 1179648K
  class space    used 16284K, committed 16640K, reserved 1048576K
}
Event: 49.087 GC heap after
{Heap after GC invocations=44 (full 0):
 garbage-first heap   total 388096K, used 249856K [0x0000000080000000, 0x0000000100000000)
  region size 1024K, 11 young (11264K), 11 survivors (11264K)
 Metaspace       used 121714K, committed 122496K, reserved 1179648K
  class space    used 16284K, committed 16640K, reserved 1048576K
}
Event: 49.614 GC heap before
{Heap before GC invocations=44 (full 0):
 garbage-first heap   total 388096K, used 313344K [0x0000000080000000, 0x0000000100000000)
  region size 1024K, 73 young (74752K), 11 survivors (11264K)
 Metaspace       used 123620K, committed 124352K, reserved 1179648K
  class space    used 16575K, committed 16896K, reserved 1048576K
}

