# JRE version: OpenJDK Runtime Environment (17.0.7) (build 17.0.7+0-b2043.56-10550314)
# Java VM: OpenJDK 64-Bit Server VM (17.0.7+0-b2043.56-10550314, mixed mode, tiered, compressed oops, compressed class ptrs, g1 gc, windows-amd64)
GC Precious Log:
 CPUs: 4 total, 4 available
 Memory: 6086M
 Large Page Support: Disabled
 NUMA Support: Disabled
 Compressed Oops: Enabled (32-bit)
 Heap Region Size: 1M
 Heap Min Capacity: 8M
 Heap Initial Capacity: 96M
 Heap Max Capacity: 2G
 Pre-touch: Disabled
 Parallel Workers: 4
 Concurrent Workers: 1
 Concurrent Refinement Workers: 4
 Periodic GC: Disabled
Heap:
 garbage-first heap   total 348160K, used 206749K [0x0000000080000000, 0x0000000100000000)
  region size 1024K, 9 young (9216K), 4 survivors (4096K)
 Metaspace       used 132584K, committed 133632K, reserved 1179648K
  class space    used 17527K, committed 18048K, reserved 1048576K
GC Heap History (20 events):
Event: 266.954 GC heap before
{Heap before GC invocations=50 (full 0):
 garbage-first heap   total 244736K, used 205067K [0x0000000080000000, 0x0000000100000000)
  region size 1024K, 56 young (57344K), 8 survivors (8192K)
 Metaspace       used 116850K, committed 117824K, reserved 1179648K
  class space    used 15764K, committed 16256K, reserved 1048576K
}
Event: 266.995 GC heap after
{Heap after GC invocations=51 (full 0):
 garbage-first heap   total 244736K, used 163833K [0x0000000080000000, 0x0000000100000000)
  region size 1024K, 7 young (7168K), 7 survivors (7168K)
 Metaspace       used 116850K, committed 117824K, reserved 1179648K
  class space    used 15764K, committed 16256K, reserved 1048576K
}
Event: 268.609 GC heap before
{Heap before GC invocations=51 (full 0):
 garbage-first heap   total 244736K, used 204793K [0x0000000080000000, 0x0000000100000000)
  region size 1024K, 48 young (49152K), 7 survivors (7168K)
 Metaspace       used 119322K, committed 120384K, reserved 1179648K
  class space    used 16108K, committed 16640K, reserved 1048576K
}
Event: 268.632 GC heap after
{Heap after GC invocations=52 (full 0):
 garbage-first heap   total 244736K, used 167969K [0x0000000080000000, 0x0000000100000000)
  region size 1024K, 4 young (4096K), 4 survivors (4096K)
 Metaspace       used 119322K, committed 120384K, reserved 1179648K
  class space    used 16108K, committed 16640K, reserved 1048576K
}
Event: 270.029 GC heap before
{Heap before GC invocations=52 (full 0):
 garbage-first heap   total 244736K, used 205857K [0x0000000080000000, 0x0000000100000000)
  region size 1024K, 42 young (43008K), 4 survivors (4096K)
 Metaspace       used 121784K, committed 122880K, reserved 1179648K
  class space    used 16378K, committed 16896K, reserved 1048576K
}
Event: 270.048 GC heap after
{Heap after GC invocations=53 (full 0):
 garbage-first heap   total 244736K, used 174778K [0x0000000080000000, 0x0000000100000000)
  region size 1024K, 6 young (6144K), 6 survivors (6144K)
 Metaspace       used 121784K, committed 122880K, reserved 1179648K
  class space    used 16378K, committed 16896K, reserved 1048576K
}
Event: 270.690 GC heap before
{Heap before GC invocations=53 (full 0):
 garbage-first heap   total 244736K, used 213690K [0x0000000080000000, 0x0000000100000000)
  region size 1024K, 36 young (36864K), 6 survivors (6144K)
 Metaspace       used 121965K, committed 123008K, reserved 1179648K
  class space    used 16386K, committed 16896K, reserved 1048576K
}
Event: 270.718 GC heap after
{Heap after GC invocations=54 (full 0):
 garbage-first heap   total 244736K, used 192952K [0x0000000080000000, 0x0000000100000000)
  region size 1024K, 5 young (5120K), 5 survivors (5120K)
 Metaspace       used 121965K, committed 123008K, reserved 1179648K
  class space    used 16386K, committed 16896K, reserved 1048576K
}
Event: 271.391 GC heap before
{Heap before GC invocations=54 (full 0):
 garbage-first heap   total 244736K, used 215480K [0x0000000080000000, 0x0000000100000000)
  region size 1024K, 19 young (19456K), 5 survivors (5120K)
 Metaspace       used 122278K, committed 123264K, reserved 1179648K
  class space    used 16412K, committed 16896K, reserved 1048576K
}
Event: 271.411 GC heap after
{Heap after GC invocations=55 (full 0):
 garbage-first heap   total 244736K, used 196354K [0x0000000080000000, 0x0000000100000000)
  region size 1024K, 3 young (3072K), 3 survivors (3072K)
 Metaspace       used 122278K, committed 123264K, reserved 1179648K
  class space    used 16412K, committed 16896K, reserved 1048576K
}
Event: 272.563 GC heap before
{Heap before GC invocations=56 (full 0):
 garbage-first heap   total 348160K, used 210690K [0x0000000080000000, 0x0000000100000000)
  region size 1024K, 17 young (17408K), 3 survivors (3072K)
 Metaspace       used 122299K, committed 123328K, reserved 1179648K
  class space    used 16404K, committed 16896K, reserved 1048576K
}
Event: 272.577 GC heap after
{Heap after GC invocations=57 (full 0):
 garbage-first heap   total 348160K, used 199090K [0x0000000080000000, 0x0000000100000000)
  region size 1024K, 3 young (3072K), 3 survivors (3072K)
 Metaspace       used 122299K, committed 123328K, reserved 1179648K
  class space    used 16404K, committed 16896K, reserved 1048576K
}
Event: 273.366 GC heap before
{Heap before GC invocations=57 (full 0):
 garbage-first heap   total 348160K, used 212402K [0x0000000080000000, 0x0000000100000000)
  region size 1024K, 17 young (17408K), 3 survivors (3072K)
 Metaspace       used 122349K, committed 123328K, reserved 1179648K
  class space    used 16413K, committed 16896K, reserved 1048576K
}
Event: 273.387 GC heap after
{Heap after GC invocations=58 (full 0):
 garbage-first heap   total 348160K, used 196481K [0x0000000080000000, 0x0000000100000000)
  region size 1024K, 2 young (2048K), 2 survivors (2048K)
 Metaspace       used 122349K, committed 123328K, reserved 1179648K
  class space    used 16413K, committed 16896K, reserved 1048576K
}
Event: 274.498 GC heap before
{Heap before GC invocations=58 (full 0):
 garbage-first heap   total 348160K, used 293761K [0x0000000080000000, 0x0000000100000000)
  region size 1024K, 81 young (82944K), 2 survivors (2048K)
 Metaspace       used 125787K, committed 126848K, reserved 1179648K
  class space    used 16690K, committed 17216K, reserved 1048576K
}
Event: 274.515 GC heap after
{Heap after GC invocations=59 (full 0):
 garbage-first heap   total 348160K, used 203848K [0x0000000080000000, 0x0000000100000000)
  region size 1024K, 9 young (9216K), 9 survivors (9216K)
 Metaspace       used 125787K, committed 126848K, reserved 1179648K
  class space    used 16690K, committed 17216K, reserved 1048576K
}
Event: 275.609 GC heap before
{Heap before GC invocations=59 (full 0):
 garbage-first heap   total 348160K, used 280648K [0x0000000080000000, 0x0000000100000000)
  region size 1024K, 85 young (87040K), 9 survivors (9216K)
 Metaspace       used 127155K, committed 128192K, reserved 1179648K
  class space    used 16816K, committed 17344K, reserved 1048576K
}
Event: 275.618 GC heap after
{Heap after GC invocations=60 (full 0):
 garbage-first heap   total 348160K, used 201488K [0x0000000080000000, 0x0000000100000000)
  region size 1024K, 3 young (3072K), 3 survivors (3072K)
 Metaspace       used 127155K, committed 128192K, reserved 1179648K
  class space    used 16816K, committed 17344K, reserved 1048576K
}
Event: 277.408 GC heap before
{Heap before GC invocations=60 (full 0):
 garbage-first heap   total 348160K, used 284432K [0x0000000080000000, 0x0000000100000000)
  region size 1024K, 85 young (87040K), 3 survivors (3072K)
 Metaspace       used 132463K, committed 133504K, reserved 1179648K
  class space    used 17509K, committed 17984K, reserved 1048576K
}
Event: 277.418 GC heap after
{Heap after GC invocations=61 (full 0):
 garbage-first heap   total 348160K, used 202653K [0x0000000080000000, 0x0000000100000000)
  region size 1024K, 4 young (4096K), 4 survivors (4096K)
 Metaspace       used 132463K, committed 133504K, reserved 1179648K
  class space    used 17509K, committed 17984K, reserved 1048576K
}

